[INFO] Scanning for projects...
[INFO] 
[INFO] --------------------< com.smarttaskmanager:backend >--------------------
[INFO] Building backend 0.0.1-SNAPSHOT
[INFO]   from pom.xml
[INFO] --------------------------------[ jar ]---------------------------------
[INFO] 
[INFO] >>> spring-boot:3.2.4:run (default-cli) > test-compile @ backend >>>
[INFO] 
[INFO] --- resources:3.3.1:resources (default-resources) @ backend ---
[INFO] Copying 1 resource from src\main\resources to target\classes
[INFO] Copying 0 resource from src\main\resources to target\classes
[INFO] 
[INFO] --- compiler:3.11.0:compile (default-compile) @ backend ---
[INFO] Nothing to compile - all classes are up to date
[INFO] 
[INFO] --- resources:3.3.1:testResources (default-testResources) @ backend ---
[INFO] skip non existing resourceDirectory C:\Users\kavin\OneDrive\my projects\autotassk\backend\src\test\resources
[INFO] 
[INFO] --- compiler:3.11.0:testCompile (default-testCompile) @ backend ---
[INFO] No sources to compile
[INFO] 
[INFO] <<< spring-boot:3.2.4:run (default-cli) < test-compile @ backend <<<
[INFO] 
[INFO] 
[INFO] --- spring-boot:3.2.4:run (default-cli) @ backend ---
[INFO] Attaching agents: []
Standard Commons Logging discovery in action with spring-jcl: please remove commons-logging.jar from classpath in order to avoid potential conflicts

  .   ____          _            __ _ _
 /\\ / ___'_ __ _ _(_)_ __  __ _ \ \ \ \
( ( )\___ | '_ | '_| | '_ \/ _` | \ \ \ \
 \\/  ___)| |_)| | | | | || (_| |  ) ) ) )
  '  |____| .__|_| |_|_| |_\__, | / / / /
 =========|_|==============|___/=/_/_/_/
 :: Spring Boot ::                (v3.2.4)

2026-04-08T16:34:09.434+05:30  INFO 33440 --- [           main] c.s.backend.BackendApplication           : Starting BackendApplication using Java 25.0.2 with PID 33440 (C:\Users\kavin\OneDrive\my projects\autotassk\backend\target\classes started by kavin in C:\Users\kavin\OneDrive\my projects\autotassk\backend)
2026-04-08T16:34:09.437+05:30  INFO 33440 --- [           main] c.s.backend.BackendApplication           : No active profile set, falling back to 1 default profile: "default"
2026-04-08T16:34:10.579+05:30  INFO 33440 --- [           main] .s.d.r.c.RepositoryConfigurationDelegate : Bootstrapping Spring Data JPA repositories in DEFAULT mode.
2026-04-08T16:34:10.668+05:30  INFO 33440 --- [           main] .s.d.r.c.RepositoryConfigurationDelegate : Finished Spring Data repository scanning in 78 ms. Found 3 JPA repository interfaces.
WARNING: A restricted method in java.lang.System has been called
WARNING: java.lang.System::load has been called by org.apache.tomcat.jni.Library in an unnamed module (file:/C:/Users/kavin/.m2/repository/org/apache/tomcat/embed/tomcat-embed-core/10.1.19/tomcat-embed-core-10.1.19.jar)
WARNING: Use --enable-native-access=ALL-UNNAMED to avoid a warning for callers in this module
WARNING: Restricted methods will be blocked in a future release unless native access is enabled

2026-04-08T16:34:11.731+05:30  INFO 33440 --- [           main] o.s.b.w.embedded.tomcat.TomcatWebServer  : Tomcat initialized with port 8081 (http)
2026-04-08T16:34:11.752+05:30  INFO 33440 --- [           main] o.apache.catalina.core.StandardService   : Starting service [Tomcat]
2026-04-08T16:34:11.752+05:30  INFO 33440 --- [           main] o.apache.catalina.core.StandardEngine    : Starting Servlet engine: [Apache Tomcat/10.1.19]
2026-04-08T16:34:11.879+05:30  INFO 33440 --- [           main] o.a.c.c.C.[Tomcat].[localhost].[/]       : Initializing Spring embedded WebApplicationContext
2026-04-08T16:34:11.880+05:30  INFO 33440 --- [           main] w.s.c.ServletWebServerApplicationContext : Root WebApplicationContext: initialization completed in 2365 ms
Standard Commons Logging discovery in action with spring-jcl: please remove commons-logging.jar from classpath in order to avoid potential conflicts
2026-04-08T16:34:12.114+05:30  INFO 33440 --- [           main] o.hibernate.jpa.internal.util.LogHelper  : HHH000204: Processing PersistenceUnitInfo [name: default]
2026-04-08T16:34:12.241+05:30  INFO 33440 --- [           main] org.hibernate.Version                    : HHH000412: Hibernate ORM core version 6.4.4.Final
2026-04-08T16:34:12.301+05:30  INFO 33440 --- [           main] o.h.c.internal.RegionFactoryInitiator    : HHH000026: Second-level cache disabled
2026-04-08T16:34:12.730+05:30  INFO 33440 --- [           main] o.s.o.j.p.SpringPersistenceUnitInfo      : No LoadTimeWeaver setup: ignoring JPA class transformer
2026-04-08T16:34:12.777+05:30  INFO 33440 --- [           main] com.zaxxer.hikari.HikariDataSource       : HikariPool-1 - Starting...
2026-04-08T16:34:13.089+05:30  INFO 33440 --- [           main] com.zaxxer.hikari.pool.HikariPool        : HikariPool-1 - Added connection com.mysql.cj.jdbc.ConnectionImpl@4e5c8ef3
2026-04-08T16:34:13.092+05:30  INFO 33440 --- [           main] com.zaxxer.hikari.HikariDataSource       : HikariPool-1 - Start completed.
2026-04-08T16:34:14.830+05:30  INFO 33440 --- [           main] o.h.e.t.j.p.i.JtaPlatformInitiator       : HHH000489: No JTA platform available (set 'hibernate.transaction.jta.platform' to enable JTA platform integration)
2026-04-08T16:34:14.982+05:30  INFO 33440 --- [           main] j.LocalContainerEntityManagerFactoryBean : Initialized JPA EntityManagerFactory for persistence unit 'default'
2026-04-08T16:34:15.898+05:30  WARN 33440 --- [           main] JpaBaseConfiguration$JpaWebConfiguration : spring.jpa.open-in-view is enabled by default. Therefore, database queries may be performed during view rendering. Explicitly configure spring.jpa.open-in-view to disable this warning
2026-04-08T16:34:16.302+05:30  INFO 33440 --- [           main] o.s.s.web.DefaultSecurityFilterChain     : Will secure any request with [org.springframework.security.web.session.DisableEncodeUrlFilter@2165d4ab, org.springframework.security.web.context.request.async.WebAsyncManagerIntegrationFilter@7f9b851c, org.springframework.security.web.context.SecurityContextHolderFilter@71db6703, org.springframework.security.web.header.HeaderWriterFilter@309d54ac, org.springframework.web.filter.CorsFilter@6a8ab98f, org.springframework.security.web.authentication.logout.LogoutFilter@2e88ad38, org.springframework.security.web.savedrequest.RequestCacheAwareFilter@6e349258, org.springframework.security.web.servletapi.SecurityContextHolderAwareRequestFilter@41092c8, org.springframework.security.web.authentication.AnonymousAuthenticationFilter@4d529bc0, org.springframework.security.web.session.SessionManagementFilter@12948e7a, org.springframework.security.web.access.ExceptionTranslationFilter@7f7f544a, org.springframework.security.web.access.intercept.AuthorizationFilter@260f05ee]
2026-04-08T16:34:16.676+05:30  WARN 33440 --- [           main] ConfigServletWebServerApplicationContext : Exception encountered during context initialization - cancelling refresh attempt: org.springframework.context.ApplicationContextException: Failed to start bean 'webServerStartStop'
2026-04-08T16:34:16.679+05:30  INFO 33440 --- [           main] j.LocalContainerEntityManagerFactoryBean : Closing JPA EntityManagerFactory for persistence unit 'default'
2026-04-08T16:34:16.681+05:30  INFO 33440 --- [           main] com.zaxxer.hikari.HikariDataSource       : HikariPool-1 - Shutdown initiated...
2026-04-08T16:34:16.693+05:30  INFO 33440 --- [           main] com.zaxxer.hikari.HikariDataSource       : HikariPool-1 - Shutdown completed.
2026-04-08T16:34:16.721+05:30  INFO 33440 --- [           main] .s.b.a.l.ConditionEvaluationReportLogger : 

Error starting ApplicationContext. To display the condition evaluation report re-run your application with 'debug' enabled.
2026-04-08T16:34:16.751+05:30 ERROR 33440 --- [           main] o.s.b.d.LoggingFailureAnalysisReporter   : 

***************************
APPLICATION FAILED TO START
***************************

Description:

Web server failed to start. Port 8081 was already in use.

Action:

Identify and stop the process that's listening on port 8081 or configure this application to listen on another port.

[INFO] ------------------------------------------------------------------------
[INFO] BUILD FAILURE
[INFO] ------------------------------------------------------------------------
[INFO] Total time:  12.496 s
[INFO] Finished at: 2026-04-08T16:34:16+05:30
[INFO] ------------------------------------------------------------------------
[ERROR] Failed to execute goal org.springframework.boot:spring-boot-maven-plugin:3.2.4:run (default-cli) on project backend: Process terminated with exit code: 1 -> [Help 1]
[ERROR] 
[ERROR] To see the full stack trace of the errors, re-run Maven with the -e switch.
[ERROR] Re-run Maven using the -X switch to enable full debug logging.
[ERROR] 
[ERROR] For more information about the errors and possible solutions, please read the following articles:
[ERROR] [Help 1] http://cwiki.apache.org/confluence/display/MAVEN/MojoExecutionException
