[INFO] Scanning for projects...
[INFO] 
[INFO] --------------------< com.smarttaskmanager:backend >--------------------
[INFO] Building backend 0.0.1-SNAPSHOT
[INFO]   from pom.xml
[INFO] --------------------------------[ jar ]---------------------------------
[INFO] 
[INFO] >>> spring-boot:3.2.4:run (default-cli) > test-compile @ backend >>>
[INFO] 
[INFO] --- resources:3.3.1:resources (default-resources) @ backend ---
[INFO] Copying 1 resource from src\main\resources to target\classes
[INFO] Copying 0 resource from src\main\resources to target\classes
[INFO] 
[INFO] --- compiler:3.11.0:compile (default-compile) @ backend ---
[INFO] Nothing to compile - all classes are up to date
[INFO] 
[INFO] --- resources:3.3.1:testResources (default-testResources) @ backend ---
[INFO] skip non existing resourceDirectory C:\Users\kavin\OneDrive\my projects\autotassk\backend\src\test\resources
[INFO] 
[INFO] --- compiler:3.11.0:testCompile (default-testCompile) @ backend ---
[INFO] No sources to compile
[INFO] 
[INFO] <<< spring-boot:3.2.4:run (default-cli) < test-compile @ backend <<<
[INFO] 
[INFO] 
[INFO] --- spring-boot:3.2.4:run (default-cli) @ backend ---
[INFO] Attaching agents: []
Standard Commons Logging discovery in action with spring-jcl: please remove commons-logging.jar from classpath in order to avoid potential conflicts

  .   ____          _            __ _ _
 /\\ / ___'_ __ _ _(_)_ __  __ _ \ \ \ \
( ( )\___ | '_ | '_| | '_ \/ _` | \ \ \ \
 \\/  ___)| |_)| | | | | || (_| |  ) ) ) )
  '  |____| .__|_| |_|_| |_\__, | / / / /
 =========|_|==============|___/=/_/_/_/
 :: Spring Boot ::                (v3.2.4)

2026-03-06T10:22:53.802+05:30  INFO 1424 --- [           main] c.s.backend.BackendApplication           : Starting BackendApplication using Java 25.0.2 with PID 1424 (C:\Users\kavin\OneDrive\my projects\autotassk\backend\target\classes started by kavin in C:\Users\kavin\OneDrive\my projects\autotassk\backend)
2026-03-06T10:22:53.805+05:30  INFO 1424 --- [           main] c.s.backend.BackendApplication           : No active profile set, falling back to 1 default profile: "default"
2026-03-06T10:22:54.853+05:30  INFO 1424 --- [           main] .s.d.r.c.RepositoryConfigurationDelegate : Bootstrapping Spring Data JPA repositories in DEFAULT mode.
2026-03-06T10:22:54.936+05:30  INFO 1424 --- [           main] .s.d.r.c.RepositoryConfigurationDelegate : Finished Spring Data repository scanning in 70 ms. Found 3 JPA repository interfaces.
WARNING: A restricted method in java.lang.System has been called
WARNING: java.lang.System::load has been called by org.apache.tomcat.jni.Library in an unnamed module (file:/C:/Users/kavin/.m2/repository/org/apache/tomcat/embed/tomcat-embed-core/10.1.19/tomcat-embed-core-10.1.19.jar)
WARNING: Use --enable-native-access=ALL-UNNAMED to avoid a warning for callers in this module
WARNING: Restricted methods will be blocked in a future release unless native access is enabled

2026-03-06T10:22:55.817+05:30  INFO 1424 --- [           main] o.s.b.w.embedded.tomcat.TomcatWebServer  : Tomcat initialized with port 8081 (http)
2026-03-06T10:22:55.840+05:30  INFO 1424 --- [           main] o.apache.catalina.core.StandardService   : Starting service [Tomcat]
2026-03-06T10:22:55.841+05:30  INFO 1424 --- [           main] o.apache.catalina.core.StandardEngine    : Starting Servlet engine: [Apache Tomcat/10.1.19]
2026-03-06T10:22:56.053+05:30  INFO 1424 --- [           main] o.a.c.c.C.[Tomcat].[localhost].[/]       : Initializing Spring embedded WebApplicationContext
2026-03-06T10:22:56.055+05:30  INFO 1424 --- [           main] w.s.c.ServletWebServerApplicationContext : Root WebApplicationContext: initialization completed in 2183 ms
Standard Commons Logging discovery in action with spring-jcl: please remove commons-logging.jar from classpath in order to avoid potential conflicts
2026-03-06T10:22:56.339+05:30  INFO 1424 --- [           main] o.hibernate.jpa.internal.util.LogHelper  : HHH000204: Processing PersistenceUnitInfo [name: default]
2026-03-06T10:22:56.453+05:30  INFO 1424 --- [           main] org.hibernate.Version                    : HHH000412: Hibernate ORM core version 6.4.4.Final
2026-03-06T10:22:56.511+05:30  INFO 1424 --- [           main] o.h.c.internal.RegionFactoryInitiator    : HHH000026: Second-level cache disabled
2026-03-06T10:22:56.901+05:30  INFO 1424 --- [           main] o.s.o.j.p.SpringPersistenceUnitInfo      : No LoadTimeWeaver setup: ignoring JPA class transformer
2026-03-06T10:22:56.953+05:30  INFO 1424 --- [           main] com.zaxxer.hikari.HikariDataSource       : HikariPool-1 - Starting...
2026-03-06T10:22:57.223+05:30  INFO 1424 --- [           main] com.zaxxer.hikari.pool.HikariPool        : HikariPool-1 - Added connection com.mysql.cj.jdbc.ConnectionImpl@6704df84
2026-03-06T10:22:57.225+05:30  INFO 1424 --- [           main] com.zaxxer.hikari.HikariDataSource       : HikariPool-1 - Start completed.
2026-03-06T10:22:57.303+05:30  WARN 1424 --- [           main] org.hibernate.orm.deprecation            : HHH90000025: MySQLDialect does not need to be specified explicitly using 'hibernate.dialect' (remove the property setting and it will be selected by default)
2026-03-06T10:22:58.698+05:30  INFO 1424 --- [           main] o.h.e.t.j.p.i.JtaPlatformInitiator       : HHH000489: No JTA platform available (set 'hibernate.transaction.jta.platform' to enable JTA platform integration)
2026-03-06T10:22:58.799+05:30  INFO 1424 --- [           main] j.LocalContainerEntityManagerFactoryBean : Initialized JPA EntityManagerFactory for persistence unit 'default'
2026-03-06T10:22:59.567+05:30  WARN 1424 --- [           main] JpaBaseConfiguration$JpaWebConfiguration : spring.jpa.open-in-view is enabled by default. Therefore, database queries may be performed during view rendering. Explicitly configure spring.jpa.open-in-view to disable this warning
2026-03-06T10:22:59.967+05:30  INFO 1424 --- [           main] o.s.s.web.DefaultSecurityFilterChain     : Will secure any request with [org.springframework.security.web.session.DisableEncodeUrlFilter@3314f179, org.springframework.security.web.context.request.async.WebAsyncManagerIntegrationFilter@1abd1a28, org.springframework.security.web.context.SecurityContextHolderFilter@5ef48b08, org.springframework.security.web.header.HeaderWriterFilter@2e88ad38, org.springframework.web.filter.CorsFilter@5478597, org.springframework.security.web.authentication.logout.LogoutFilter@2319c1e0, org.springframework.security.oauth2.server.resource.web.authentication.BearerTokenAuthenticationFilter@74ed7111, org.springframework.security.web.savedrequest.RequestCacheAwareFilter@2b625e82, org.springframework.security.web.servletapi.SecurityContextHolderAwareRequestFilter@22657db1, org.springframework.security.web.authentication.AnonymousAuthenticationFilter@39a1e1e6, org.springframework.security.web.session.SessionManagementFilter@4d529bc0, org.springframework.security.web.access.ExceptionTranslationFilter@474deb4c, org.springframework.security.web.access.intercept.AuthorizationFilter@600b3bee]
2026-03-06T10:23:00.362+05:30  INFO 1424 --- [           main] o.s.b.w.embedded.tomcat.TomcatWebServer  : Tomcat started on port 8081 (http) with context path ''
2026-03-06T10:23:00.378+05:30  INFO 1424 --- [           main] c.s.backend.BackendApplication           : Started BackendApplication in 7.211 seconds (process running for 7.875)
