[INFO] Scanning for projects...
[INFO] 
[INFO] --------------------< com.smarttaskmanager:backend >--------------------
[INFO] Building backend 0.0.1-SNAPSHOT
[INFO]   from pom.xml
[INFO] --------------------------------[ jar ]---------------------------------
[INFO] 
[INFO] >>> spring-boot:3.2.4:run (default-cli) > test-compile @ backend >>>
[INFO] 
[INFO] --- resources:3.3.1:resources (default-resources) @ backend ---
[INFO] Copying 1 resource from src\main\resources to target\classes
[INFO] Copying 0 resource from src\main\resources to target\classes
[INFO] 
[INFO] --- compiler:3.11.0:compile (default-compile) @ backend ---
[INFO] Nothing to compile - all classes are up to date
[INFO] 
[INFO] --- resources:3.3.1:testResources (default-testResources) @ backend ---
[INFO] skip non existing resourceDirectory C:\Users\kavin\OneDrive\my projects\autotassk\backend\src\test\resources
[INFO] 
[INFO] --- compiler:3.11.0:testCompile (default-testCompile) @ backend ---
[INFO] No sources to compile
[INFO] 
[INFO] <<< spring-boot:3.2.4:run (default-cli) < test-compile @ backend <<<
[INFO] 
[INFO] 
[INFO] --- spring-boot:3.2.4:run (default-cli) @ backend ---
[INFO] Attaching agents: []
Standard Commons Logging discovery in action with spring-jcl: please remove commons-logging.jar from classpath in order to avoid potential conflicts

  .   ____          _            __ _ _
 /\\ / ___'_ __ _ _(_)_ __  __ _ \ \ \ \
( ( )\___ | '_ | '_| | '_ \/ _` | \ \ \ \
 \\/  ___)| |_)| | | | | || (_| |  ) ) ) )
  '  |____| .__|_| |_|_| |_\__, | / / / /
 =========|_|==============|___/=/_/_/_/
 :: Spring Boot ::                (v3.2.4)

2026-03-06T11:01:51.815+05:30  INFO 18972 --- [           main] c.s.backend.BackendApplication           : Starting BackendApplication using Java 25.0.2 with PID 18972 (C:\Users\kavin\OneDrive\my projects\autotassk\backend\target\classes started by kavin in C:\Users\kavin\OneDrive\my projects\autotassk\backend)
2026-03-06T11:01:51.817+05:30  INFO 18972 --- [           main] c.s.backend.BackendApplication           : No active profile set, falling back to 1 default profile: "default"
2026-03-06T11:01:52.835+05:30  INFO 18972 --- [           main] .s.d.r.c.RepositoryConfigurationDelegate : Bootstrapping Spring Data JPA repositories in DEFAULT mode.
2026-03-06T11:01:52.924+05:30  INFO 18972 --- [           main] .s.d.r.c.RepositoryConfigurationDelegate : Finished Spring Data repository scanning in 75 ms. Found 3 JPA repository interfaces.
WARNING: A restricted method in java.lang.System has been called
WARNING: java.lang.System::load has been called by org.apache.tomcat.jni.Library in an unnamed module (file:/C:/Users/kavin/.m2/repository/org/apache/tomcat/embed/tomcat-embed-core/10.1.19/tomcat-embed-core-10.1.19.jar)
WARNING: Use --enable-native-access=ALL-UNNAMED to avoid a warning for callers in this module
WARNING: Restricted methods will be blocked in a future release unless native access is enabled

2026-03-06T11:01:53.814+05:30  INFO 18972 --- [           main] o.s.b.w.embedded.tomcat.TomcatWebServer  : Tomcat initialized with port 8081 (http)
2026-03-06T11:01:53.835+05:30  INFO 18972 --- [           main] o.apache.catalina.core.StandardService   : Starting service [Tomcat]
2026-03-06T11:01:53.835+05:30  INFO 18972 --- [           main] o.apache.catalina.core.StandardEngine    : Starting Servlet engine: [Apache Tomcat/10.1.19]
2026-03-06T11:01:54.000+05:30  INFO 18972 --- [           main] o.a.c.c.C.[Tomcat].[localhost].[/]       : Initializing Spring embedded WebApplicationContext
2026-03-06T11:01:54.000+05:30  INFO 18972 --- [           main] w.s.c.ServletWebServerApplicationContext : Root WebApplicationContext: initialization completed in 2112 ms
Standard Commons Logging discovery in action with spring-jcl: please remove commons-logging.jar from classpath in order to avoid potential conflicts
2026-03-06T11:01:54.219+05:30  INFO 18972 --- [           main] o.hibernate.jpa.internal.util.LogHelper  : HHH000204: Processing PersistenceUnitInfo [name: default]
2026-03-06T11:01:54.315+05:30  INFO 18972 --- [           main] org.hibernate.Version                    : HHH000412: Hibernate ORM core version 6.4.4.Final
2026-03-06T11:01:54.376+05:30  INFO 18972 --- [           main] o.h.c.internal.RegionFactoryInitiator    : HHH000026: Second-level cache disabled
2026-03-06T11:01:54.755+05:30  INFO 18972 --- [           main] o.s.o.j.p.SpringPersistenceUnitInfo      : No LoadTimeWeaver setup: ignoring JPA class transformer
2026-03-06T11:01:54.795+05:30  INFO 18972 --- [           main] com.zaxxer.hikari.HikariDataSource       : HikariPool-1 - Starting...
2026-03-06T11:01:55.179+05:30  INFO 18972 --- [           main] com.zaxxer.hikari.pool.HikariPool        : HikariPool-1 - Added connection com.mysql.cj.jdbc.ConnectionImpl@5fb7ab9c
2026-03-06T11:01:55.182+05:30  INFO 18972 --- [           main] com.zaxxer.hikari.HikariDataSource       : HikariPool-1 - Start completed.
2026-03-06T11:01:55.289+05:30  WARN 18972 --- [           main] org.hibernate.orm.deprecation            : HHH90000025: MySQLDialect does not need to be specified explicitly using 'hibernate.dialect' (remove the property setting and it will be selected by default)
2026-03-06T11:01:56.774+05:30  INFO 18972 --- [           main] o.h.e.t.j.p.i.JtaPlatformInitiator       : HHH000489: No JTA platform available (set 'hibernate.transaction.jta.platform' to enable JTA platform integration)
2026-03-06T11:01:56.917+05:30  INFO 18972 --- [           main] j.LocalContainerEntityManagerFactoryBean : Initialized JPA EntityManagerFactory for persistence unit 'default'
2026-03-06T11:01:57.701+05:30  WARN 18972 --- [           main] JpaBaseConfiguration$JpaWebConfiguration : spring.jpa.open-in-view is enabled by default. Therefore, database queries may be performed during view rendering. Explicitly configure spring.jpa.open-in-view to disable this warning
2026-03-06T11:01:58.085+05:30  INFO 18972 --- [           main] o.s.s.web.DefaultSecurityFilterChain     : Will secure any request with [org.springframework.security.web.session.DisableEncodeUrlFilter@73c1dda3, org.springframework.security.web.context.request.async.WebAsyncManagerIntegrationFilter@c3c63c1, org.springframework.security.web.context.SecurityContextHolderFilter@22a8c837, org.springframework.security.web.header.HeaderWriterFilter@62ba3045, org.springframework.web.filter.CorsFilter@5e75cf7a, org.springframework.security.web.authentication.logout.LogoutFilter@211cf27b, org.springframework.security.web.savedrequest.RequestCacheAwareFilter@62977afb, org.springframework.security.web.servletapi.SecurityContextHolderAwareRequestFilter@13edc1bc, org.springframework.security.web.authentication.AnonymousAuthenticationFilter@6f12fca0, org.springframework.security.web.session.SessionManagementFilter@85eba52, org.springframework.security.web.access.ExceptionTranslationFilter@79080255, org.springframework.security.web.access.intercept.AuthorizationFilter@441762b8]
2026-03-06T11:01:58.507+05:30  INFO 18972 --- [           main] o.s.b.w.embedded.tomcat.TomcatWebServer  : Tomcat started on port 8081 (http) with context path ''
2026-03-06T11:01:58.525+05:30  INFO 18972 --- [           main] c.s.backend.BackendApplication           : Started BackendApplication in 7.346 seconds (process running for 8.04)
Running scheduled email scan...
Hibernate: select u1_0.id,u1_0.created_at,u1_0.email,u1_0.name,u1_0.provider_id from users u1_0
[INFO] ------------------------------------------------------------------------
[INFO] BUILD FAILURE
[INFO] ------------------------------------------------------------------------
[INFO] Total time:  03:41 min
[INFO] Finished at: 2026-03-06T11:05:28+05:30
[INFO] ------------------------------------------------------------------------
[ERROR] Failed to execute goal org.springframework.boot:spring-boot-maven-plugin:3.2.4:run (default-cli) on project backend: Process terminated with exit code: -1 -> [Help 1]
[ERROR] 
[ERROR] To see the full stack trace of the errors, re-run Maven with the -e switch.
[ERROR] Re-run Maven using the -X switch to enable full debug logging.
[ERROR] 
[ERROR] For more information about the errors and possible solutions, please read the following articles:
[ERROR] [Help 1] http://cwiki.apache.org/confluence/display/MAVEN/MojoExecutionException
